0 info it worked if it ends with ok
1 verbose cli [ '/usr/bin/nodejs',
1 verbose cli   '/usr/bin/npm',
1 verbose cli   'install',
1 verbose cli   'node@12.4.0',
1 verbose cli   '--save-exact' ]
2 info using npm@3.5.2
3 info using node@v4.2.6
4 silly loadCurrentTree Starting
5 silly install loadCurrentTree
6 silly install readLocalPackageData
7 silly fetchPackageMetaData node@12.4.0
8 silly fetchNamedPackageData node
9 silly mapToRegistry name node
10 silly mapToRegistry using default registry
11 silly mapToRegistry registry https://registry.npmjs.org/
12 silly mapToRegistry uri https://registry.npmjs.org/node
13 verbose request uri https://registry.npmjs.org/node
14 verbose request no auth needed
15 info attempt registry request try #1 at 5:01:22 PM
16 verbose request id 75f0fcb1ff4f826c
17 verbose etag W/"e13c9996032bab1036bc466597a0dc4e"
18 verbose lastModified Fri, 19 Jun 2020 01:48:26 GMT
19 http request GET https://registry.npmjs.org/node
20 http 304 https://registry.npmjs.org/node
21 verbose headers { date: 'Sun, 28 Jun 2020 14:01:23 GMT',
21 verbose headers   connection: 'keep-alive',
21 verbose headers   'set-cookie': [ '__cfduid=d2e9e86e3e8c720340693b93ad52523f51593352882; expires=Tue, 28-Jul-20 14:01:22 GMT; path=/; domain=.npmjs.org; HttpOnly; SameSite=Lax' ],
21 verbose headers   'cf-ray': '5aa7f07d1bd4d721-FRA',
21 verbose headers   'cache-control': 'public, max-age=300',
21 verbose headers   etag: '"e13c9996032bab1036bc466597a0dc4e"',
21 verbose headers   'last-modified': 'Fri, 19 Jun 2020 01:48:26 GMT',
21 verbose headers   vary: 'Accept-Encoding',
21 verbose headers   'cf-cache-status': 'REVALIDATED',
21 verbose headers   'cf-request-id': '039cd4a22a0000d721c3164200000001',
21 verbose headers   'expect-ct': 'max-age=604800, report-uri="https://report-uri.cloudflare.com/cdn-cgi/beacon/expect-ct"',
21 verbose headers   server: 'cloudflare' }
22 silly get cb [ 304,
22 silly get   { date: 'Sun, 28 Jun 2020 14:01:23 GMT',
22 silly get     connection: 'keep-alive',
22 silly get     'set-cookie': [ '__cfduid=d2e9e86e3e8c720340693b93ad52523f51593352882; expires=Tue, 28-Jul-20 14:01:22 GMT; path=/; domain=.npmjs.org; HttpOnly; SameSite=Lax' ],
22 silly get     'cf-ray': '5aa7f07d1bd4d721-FRA',
22 silly get     'cache-control': 'public, max-age=300',
22 silly get     etag: '"e13c9996032bab1036bc466597a0dc4e"',
22 silly get     'last-modified': 'Fri, 19 Jun 2020 01:48:26 GMT',
22 silly get     vary: 'Accept-Encoding',
22 silly get     'cf-cache-status': 'REVALIDATED',
22 silly get     'cf-request-id': '039cd4a22a0000d721c3164200000001',
22 silly get     'expect-ct': 'max-age=604800, report-uri="https://report-uri.cloudflare.com/cdn-cgi/beacon/expect-ct"',
22 silly get     server: 'cloudflare' } ]
23 verbose etag https://registry.npmjs.org/node from cache
24 verbose get saving node to /home/yair/.npm/registry.npmjs.org/node/.cache.json
25 silly install normalizeTree
26 silly loadCurrentTree Finishing
27 silly loadIdealTree Starting
28 silly install loadIdealTree
29 silly cloneCurrentTree Starting
30 silly install cloneCurrentTreeToIdealTree
31 silly cloneCurrentTree Finishing
32 silly loadShrinkwrap Starting
33 silly install loadShrinkwrap
34 silly loadShrinkwrap Finishing
35 silly loadAllDepsIntoIdealTree Starting
36 silly install loadAllDepsIntoIdealTree
37 silly resolveWithNewModule node@12.4.0 checking installable status
38 silly cache add args [ 'node@12.4.0', null ]
39 verbose cache add spec node@12.4.0
40 silly cache add parsed spec Result {
40 silly cache add   raw: 'node@12.4.0',
40 silly cache add   scope: null,
40 silly cache add   name: 'node',
40 silly cache add   rawSpec: '12.4.0',
40 silly cache add   spec: '12.4.0',
40 silly cache add   type: 'version' }
41 silly addNamed node@12.4.0
42 verbose addNamed "12.4.0" is a plain semver version for node
43 silly mapToRegistry name node
44 silly mapToRegistry using default registry
45 silly mapToRegistry registry https://registry.npmjs.org/
46 silly mapToRegistry uri https://registry.npmjs.org/node
47 verbose addNameVersion registry:https://registry.npmjs.org/node not in flight; fetching
48 verbose get https://registry.npmjs.org/node not expired, no request
49 silly cache afterAdd node@12.4.0
50 verbose afterAdd /home/yair/.npm/node/12.4.0/package/package.json not in flight; writing
51 verbose afterAdd /home/yair/.npm/node/12.4.0/package/package.json written
52 silly fetchNamedPackageData node-bin-setup
53 silly mapToRegistry name node-bin-setup
54 silly mapToRegistry using default registry
55 silly mapToRegistry registry https://registry.npmjs.org/
56 silly mapToRegistry uri https://registry.npmjs.org/node-bin-setup
57 verbose request uri https://registry.npmjs.org/node-bin-setup
58 verbose request no auth needed
59 info attempt registry request try #1 at 5:01:23 PM
60 verbose etag W/"696d6ec470fda56a33885508a280edab"
61 verbose lastModified Sun, 27 May 2018 09:55:03 GMT
62 http request GET https://registry.npmjs.org/node-bin-setup
63 http 304 https://registry.npmjs.org/node-bin-setup
64 verbose headers { date: 'Sun, 28 Jun 2020 14:01:24 GMT',
64 verbose headers   connection: 'keep-alive',
64 verbose headers   'set-cookie': [ '__cfduid=d58a76a6b3c7ff85716ef851a38da8b8a1593352884; expires=Tue, 28-Jul-20 14:01:24 GMT; path=/; domain=.npmjs.org; HttpOnly; SameSite=Lax' ],
64 verbose headers   'cf-ray': '5aa7f0873f19072a-LHR',
64 verbose headers   age: '2187',
64 verbose headers   'cache-control': 'public, max-age=300',
64 verbose headers   etag: '"696d6ec470fda56a33885508a280edab"',
64 verbose headers   'last-modified': 'Sun, 27 May 2018 09:55:03 GMT',
64 verbose headers   vary: 'Accept-Encoding',
64 verbose headers   'cf-cache-status': 'HIT',
64 verbose headers   'cf-request-id': '039cd4a8810000072a98901200000001',
64 verbose headers   'expect-ct': 'max-age=604800, report-uri="https://report-uri.cloudflare.com/cdn-cgi/beacon/expect-ct"',
64 verbose headers   server: 'cloudflare' }
65 silly get cb [ 304,
65 silly get   { date: 'Sun, 28 Jun 2020 14:01:24 GMT',
65 silly get     connection: 'keep-alive',
65 silly get     'set-cookie': [ '__cfduid=d58a76a6b3c7ff85716ef851a38da8b8a1593352884; expires=Tue, 28-Jul-20 14:01:24 GMT; path=/; domain=.npmjs.org; HttpOnly; SameSite=Lax' ],
65 silly get     'cf-ray': '5aa7f0873f19072a-LHR',
65 silly get     age: '2187',
65 silly get     'cache-control': 'public, max-age=300',
65 silly get     etag: '"696d6ec470fda56a33885508a280edab"',
65 silly get     'last-modified': 'Sun, 27 May 2018 09:55:03 GMT',
65 silly get     vary: 'Accept-Encoding',
65 silly get     'cf-cache-status': 'HIT',
65 silly get     'cf-request-id': '039cd4a8810000072a98901200000001',
65 silly get     'expect-ct': 'max-age=604800, report-uri="https://report-uri.cloudflare.com/cdn-cgi/beacon/expect-ct"',
65 silly get     server: 'cloudflare' } ]
66 verbose etag https://registry.npmjs.org/node-bin-setup from cache
67 verbose get saving node-bin-setup to /home/yair/.npm/registry.npmjs.org/node-bin-setup/.cache.json
68 silly resolveWithNewModule node-bin-setup@1.0.6 checking installable status
69 silly cache add args [ 'node-bin-setup@^1.0.0', null ]
70 verbose cache add spec node-bin-setup@^1.0.0
71 silly cache add parsed spec Result {
71 silly cache add   raw: 'node-bin-setup@^1.0.0',
71 silly cache add   scope: null,
71 silly cache add   name: 'node-bin-setup',
71 silly cache add   rawSpec: '^1.0.0',
71 silly cache add   spec: '>=1.0.0 <2.0.0',
71 silly cache add   type: 'range' }
72 silly addNamed node-bin-setup@>=1.0.0 <2.0.0
73 verbose addNamed ">=1.0.0 <2.0.0" is a valid semver range for node-bin-setup
74 silly addNameRange { name: 'node-bin-setup',
74 silly addNameRange   range: '>=1.0.0 <2.0.0',
74 silly addNameRange   hasData: false }
75 silly mapToRegistry name node-bin-setup
76 silly mapToRegistry using default registry
77 silly mapToRegistry registry https://registry.npmjs.org/
78 silly mapToRegistry uri https://registry.npmjs.org/node-bin-setup
79 verbose addNameRange registry:https://registry.npmjs.org/node-bin-setup not in flight; fetching
80 verbose get https://registry.npmjs.org/node-bin-setup not expired, no request
81 silly addNameRange number 2 { name: 'node-bin-setup',
81 silly addNameRange   range: '>=1.0.0 <2.0.0',
81 silly addNameRange   hasData: true }
82 silly addNameRange versions [ 'node-bin-setup',
82 silly addNameRange   [ '1.0.0', '1.0.1', '1.0.2', '1.0.3', '1.0.4', '1.0.6' ] ]
83 silly addNamed node-bin-setup@1.0.6
84 verbose addNamed "1.0.6" is a plain semver version for node-bin-setup
85 silly cache afterAdd node-bin-setup@1.0.6
86 verbose afterAdd /home/yair/.npm/node-bin-setup/1.0.6/package/package.json not in flight; writing
87 verbose afterAdd /home/yair/.npm/node-bin-setup/1.0.6/package/package.json written
88 silly fetchNamedPackageData fsevents
89 silly mapToRegistry name fsevents
90 silly mapToRegistry using default registry
91 silly mapToRegistry registry https://registry.npmjs.org/
92 silly mapToRegistry uri https://registry.npmjs.org/fsevents
93 verbose request uri https://registry.npmjs.org/fsevents
94 verbose request no auth needed
95 info attempt registry request try #1 at 5:01:24 PM
96 verbose etag W/"9ff14987b4ec19e977697a4c1d741a18"
97 verbose lastModified Wed, 06 May 2020 17:49:14 GMT
98 http request GET https://registry.npmjs.org/fsevents
99 http 304 https://registry.npmjs.org/fsevents
100 verbose headers { date: 'Sun, 28 Jun 2020 14:01:24 GMT',
100 verbose headers   connection: 'keep-alive',
100 verbose headers   'set-cookie': [ '__cfduid=d5c89ac3ca4f84e531fe5fe64b4f10cc31593352884; expires=Tue, 28-Jul-20 14:01:24 GMT; path=/; domain=.npmjs.org; HttpOnly; SameSite=Lax' ],
100 verbose headers   'cf-ray': '5aa7f08abd189cb1-AMS',
100 verbose headers   age: '4656',
100 verbose headers   'cache-control': 'public, max-age=300',
100 verbose headers   etag: '"9ff14987b4ec19e977697a4c1d741a18"',
100 verbose headers   'last-modified': 'Wed, 06 May 2020 17:49:14 GMT',
100 verbose headers   vary: 'Accept-Encoding',
100 verbose headers   'cf-cache-status': 'HIT',
100 verbose headers   'cf-request-id': '039cd4aab500009cb1722a9200000001',
100 verbose headers   'expect-ct': 'max-age=604800, report-uri="https://report-uri.cloudflare.com/cdn-cgi/beacon/expect-ct"',
100 verbose headers   server: 'cloudflare' }
101 silly get cb [ 304,
101 silly get   { date: 'Sun, 28 Jun 2020 14:01:24 GMT',
101 silly get     connection: 'keep-alive',
101 silly get     'set-cookie': [ '__cfduid=d5c89ac3ca4f84e531fe5fe64b4f10cc31593352884; expires=Tue, 28-Jul-20 14:01:24 GMT; path=/; domain=.npmjs.org; HttpOnly; SameSite=Lax' ],
101 silly get     'cf-ray': '5aa7f08abd189cb1-AMS',
101 silly get     age: '4656',
101 silly get     'cache-control': 'public, max-age=300',
101 silly get     etag: '"9ff14987b4ec19e977697a4c1d741a18"',
101 silly get     'last-modified': 'Wed, 06 May 2020 17:49:14 GMT',
101 silly get     vary: 'Accept-Encoding',
101 silly get     'cf-cache-status': 'HIT',
101 silly get     'cf-request-id': '039cd4aab500009cb1722a9200000001',
101 silly get     'expect-ct': 'max-age=604800, report-uri="https://report-uri.cloudflare.com/cdn-cgi/beacon/expect-ct"',
101 silly get     server: 'cloudflare' } ]
102 verbose etag https://registry.npmjs.org/fsevents from cache
103 verbose get saving fsevents to /home/yair/.npm/registry.npmjs.org/fsevents/.cache.json
104 silly resolveWithNewModule fsevents@2.1.3 checking installable status
105 silly loadAllDepsIntoIdealTree Finishing
106 silly idealTree:prePrune server@1.0.0
106 silly idealTree:prePrune ├── @sindresorhus/is@0.14.0
106 silly idealTree:prePrune ├── @szmarczak/http-timer@1.1.2
106 silly idealTree:prePrune ├── @types/color-name@1.1.1
106 silly idealTree:prePrune ├── @types/node@14.0.14
106 silly idealTree:prePrune ├── abbrev@1.1.1
106 silly idealTree:prePrune ├── accepts@1.3.7
106 silly idealTree:prePrune ├── addressparser@1.0.1
106 silly idealTree:prePrune ├── ansi-align@3.0.0
106 silly idealTree:prePrune ├── ansi-regex@4.1.0
106 silly idealTree:prePrune ├── ansi-styles@3.2.1
106 silly idealTree:prePrune ├── anymatch@3.1.1
106 silly idealTree:prePrune ├── array-flatten@1.1.1
106 silly idealTree:prePrune ├── async.ensureasync@0.5.2
106 silly idealTree:prePrune ├── async.queue@0.5.2
106 silly idealTree:prePrune ├── async.util.arrayeach@0.5.2
106 silly idealTree:prePrune ├── async.util.ensureasync@0.5.2
106 silly idealTree:prePrune ├── async.util.isarray@0.5.2
106 silly idealTree:prePrune ├── async.util.map@0.5.2
106 silly idealTree:prePrune ├── async.util.noop@0.5.2
106 silly idealTree:prePrune ├── async.util.onlyonce@0.5.2
106 silly idealTree:prePrune ├── async.util.queue@0.5.2
106 silly idealTree:prePrune ├── async.util.restparam@0.5.2
106 silly idealTree:prePrune ├── async.util.setimmediate@0.5.2
106 silly idealTree:prePrune ├── balanced-match@1.0.0
106 silly idealTree:prePrune ├── base64url@3.0.1
106 silly idealTree:prePrune ├── binary-extensions@2.1.0
106 silly idealTree:prePrune ├── bl@2.2.0
106 silly idealTree:prePrune ├── bluebird@3.5.1
106 silly idealTree:prePrune ├── body-parser@1.19.0
106 silly idealTree:prePrune ├── bottleneck@1.16.0
106 silly idealTree:prePrune ├─┬ boxen@4.2.0
106 silly idealTree:prePrune │ ├── ansi-regex@5.0.0
106 silly idealTree:prePrune │ ├── ansi-styles@4.2.1
106 silly idealTree:prePrune │ ├── chalk@3.0.0
106 silly idealTree:prePrune │ ├── color-convert@2.0.1
106 silly idealTree:prePrune │ ├── color-name@1.1.4
106 silly idealTree:prePrune │ ├── emoji-regex@8.0.0
106 silly idealTree:prePrune │ ├── has-flag@4.0.0
106 silly idealTree:prePrune │ ├── is-fullwidth-code-point@3.0.0
106 silly idealTree:prePrune │ ├── string-width@4.2.0
106 silly idealTree:prePrune │ ├── strip-ansi@6.0.0
106 silly idealTree:prePrune │ └── supports-color@7.1.0
106 silly idealTree:prePrune ├── brace-expansion@1.1.11
106 silly idealTree:prePrune ├── braces@3.0.2
106 silly idealTree:prePrune ├── bson@1.1.4
106 silly idealTree:prePrune ├── bytes@3.1.0
106 silly idealTree:prePrune ├─┬ cacheable-request@6.1.0
106 silly idealTree:prePrune │ ├── get-stream@5.1.0
106 silly idealTree:prePrune │ └── lowercase-keys@2.0.0
106 silly idealTree:prePrune ├── camelcase@5.3.1
106 silly idealTree:prePrune ├─┬ chalk@2.4.2
106 silly idealTree:prePrune │ └── supports-color@5.5.0
106 silly idealTree:prePrune ├── chokidar@3.4.0
106 silly idealTree:prePrune ├── ci-info@2.0.0
106 silly idealTree:prePrune ├── cli-boxes@2.2.0
106 silly idealTree:prePrune ├── cliui@5.0.0
106 silly idealTree:prePrune ├── clone-response@1.0.2
106 silly idealTree:prePrune ├── color-convert@1.9.3
106 silly idealTree:prePrune ├── color-name@1.1.3
106 silly idealTree:prePrune ├── concat-map@0.0.1
106 silly idealTree:prePrune ├── concurrently@5.2.0
106 silly idealTree:prePrune ├── configstore@5.0.1
106 silly idealTree:prePrune ├── content-disposition@0.5.3
106 silly idealTree:prePrune ├── content-type@1.0.4
106 silly idealTree:prePrune ├── cookie-session@1.4.0
106 silly idealTree:prePrune ├── cookie-signature@1.0.6
106 silly idealTree:prePrune ├── cookie@0.4.0
106 silly idealTree:prePrune ├─┬ cookies@0.8.0
106 silly idealTree:prePrune │ └── depd@2.0.0
106 silly idealTree:prePrune ├── core-js@3.6.5
106 silly idealTree:prePrune ├── core-util-is@1.0.2
106 silly idealTree:prePrune ├── crypto-random-string@2.0.0
106 silly idealTree:prePrune ├── date-fns@2.14.0
106 silly idealTree:prePrune ├── debug@2.6.9
106 silly idealTree:prePrune ├── decamelize@1.2.0
106 silly idealTree:prePrune ├── decompress-response@3.3.0
106 silly idealTree:prePrune ├── deep-extend@0.6.0
106 silly idealTree:prePrune ├── defer-to-connect@1.1.3
106 silly idealTree:prePrune ├── denque@1.4.1
106 silly idealTree:prePrune ├── depd@1.1.2
106 silly idealTree:prePrune ├── destroy@1.0.4
106 silly idealTree:prePrune ├── dot-prop@5.2.0
106 silly idealTree:prePrune ├── dotenv@4.0.0
106 silly idealTree:prePrune ├── duplexer3@0.1.4
106 silly idealTree:prePrune ├── ee-first@1.1.1
106 silly idealTree:prePrune ├── emoji-regex@7.0.3
106 silly idealTree:prePrune ├── encodeurl@1.0.2
106 silly idealTree:prePrune ├── encoding@0.1.12
106 silly idealTree:prePrune ├── end-of-stream@1.4.4
106 silly idealTree:prePrune ├── error-ex@1.3.2
106 silly idealTree:prePrune ├── escape-goat@2.1.1
106 silly idealTree:prePrune ├── escape-html@1.0.3
106 silly idealTree:prePrune ├── escape-string-regexp@1.0.5
106 silly idealTree:prePrune ├── etag@1.8.1
106 silly idealTree:prePrune ├── express@4.17.1
106 silly idealTree:prePrune ├── extend@3.0.2
106 silly idealTree:prePrune ├── fill-range@7.0.1
106 silly idealTree:prePrune ├── finalhandler@1.1.2
106 silly idealTree:prePrune ├── find-up@3.0.0
106 silly idealTree:prePrune ├── forwarded@0.1.2
106 silly idealTree:prePrune ├── fresh@0.5.2
106 silly idealTree:prePrune ├── get-caller-file@2.0.5
106 silly idealTree:prePrune ├── get-stream@4.1.0
106 silly idealTree:prePrune ├── glob-parent@5.1.1
106 silly idealTree:prePrune ├── global-dirs@2.0.1
106 silly idealTree:prePrune ├── got@9.6.0
106 silly idealTree:prePrune ├── graceful-fs@4.2.4
106 silly idealTree:prePrune ├── has-flag@3.0.0
106 silly idealTree:prePrune ├── has-yarn@2.1.0
106 silly idealTree:prePrune ├── hosted-git-info@2.8.8
106 silly idealTree:prePrune ├── http-cache-semantics@4.1.0
106 silly idealTree:prePrune ├── http-errors@1.7.2
106 silly idealTree:prePrune ├── iconv-lite@0.4.24
106 silly idealTree:prePrune ├── ignore-by-default@1.0.1
106 silly idealTree:prePrune ├── import-lazy@2.1.0
106 silly idealTree:prePrune ├── imurmurhash@0.1.4
106 silly idealTree:prePrune ├── inherits@2.0.3
106 silly idealTree:prePrune ├── ini@1.3.5
106 silly idealTree:prePrune ├── ipaddr.js@1.9.1
106 silly idealTree:prePrune ├── is-arrayish@0.2.1
106 silly idealTree:prePrune ├── is-binary-path@2.1.0
106 silly idealTree:prePrune ├── is-ci@2.0.0
106 silly idealTree:prePrune ├── is-extglob@2.1.1
106 silly idealTree:prePrune ├── is-fullwidth-code-point@2.0.0
106 silly idealTree:prePrune ├── is-glob@4.0.1
106 silly idealTree:prePrune ├── is-installed-globally@0.3.2
106 silly idealTree:prePrune ├── is-npm@4.0.0
106 silly idealTree:prePrune ├── is-number@7.0.0
106 silly idealTree:prePrune ├── is-obj@2.0.0
106 silly idealTree:prePrune ├── is-path-inside@3.0.2
106 silly idealTree:prePrune ├── is-typedarray@1.0.0
106 silly idealTree:prePrune ├── is-yarn-global@0.3.0
106 silly idealTree:prePrune ├── isarray@1.0.0
106 silly idealTree:prePrune ├── json-buffer@3.0.0
106 silly idealTree:prePrune ├── json-parse-better-errors@1.0.2
106 silly idealTree:prePrune ├── kareem@2.3.1
106 silly idealTree:prePrune ├── keygrip@1.1.0
106 silly idealTree:prePrune ├── keyv@3.1.0
106 silly idealTree:prePrune ├── latest-version@5.1.0
106 silly idealTree:prePrune ├── locate-path@3.0.0
106 silly idealTree:prePrune ├── lodash.chunk@4.2.0
106 silly idealTree:prePrune ├── lodash@4.17.15
106 silly idealTree:prePrune ├── lowercase-keys@1.0.1
106 silly idealTree:prePrune ├── mailparser@0.6.2
106 silly idealTree:prePrune ├─┬ make-dir@3.1.0
106 silly idealTree:prePrune │ └── semver@6.3.0
106 silly idealTree:prePrune ├── media-typer@0.3.0
106 silly idealTree:prePrune ├── memory-pager@1.5.0
106 silly idealTree:prePrune ├── merge-descriptors@1.0.1
106 silly idealTree:prePrune ├── methods@1.1.2
106 silly idealTree:prePrune ├── mime-db@1.44.0
106 silly idealTree:prePrune ├── mime-types@2.1.27
106 silly idealTree:prePrune ├── mime@1.6.0
106 silly idealTree:prePrune ├── mimelib@0.3.1
106 silly idealTree:prePrune ├── mimic-response@1.0.1
106 silly idealTree:prePrune ├── minimatch@3.0.4
106 silly idealTree:prePrune ├── minimist@1.2.5
106 silly idealTree:prePrune ├── mongodb@3.5.9
106 silly idealTree:prePrune ├── mongoose-legacy-pluralize@1.0.2
106 silly idealTree:prePrune ├─┬ mongoose@5.9.20
106 silly idealTree:prePrune │ └── ms@2.1.2
106 silly idealTree:prePrune ├── mpath@0.7.0
106 silly idealTree:prePrune ├─┬ mquery@3.2.2
106 silly idealTree:prePrune │ └── debug@3.1.0
106 silly idealTree:prePrune ├── ms@2.0.0
106 silly idealTree:prePrune ├── negotiator@0.6.2
106 silly idealTree:prePrune ├── node-bin-setup@1.0.6
106 silly idealTree:prePrune ├── node@12.4.0
106 silly idealTree:prePrune ├─┬ nodemon@2.0.4
106 silly idealTree:prePrune │ ├── debug@3.2.6
106 silly idealTree:prePrune │ ├── ms@2.1.2
106 silly idealTree:prePrune │ └── supports-color@5.5.0
106 silly idealTree:prePrune ├── nopt@1.0.10
106 silly idealTree:prePrune ├── normalize-package-data@2.5.0
106 silly idealTree:prePrune ├── normalize-path@3.0.0
106 silly idealTree:prePrune ├── normalize-url@4.5.0
106 silly idealTree:prePrune ├── oauth@0.9.15
106 silly idealTree:prePrune ├── on-finished@2.3.0
106 silly idealTree:prePrune ├── on-headers@1.0.2
106 silly idealTree:prePrune ├── once@1.4.0
106 silly idealTree:prePrune ├── p-cancelable@1.1.0
106 silly idealTree:prePrune ├── p-limit@2.3.0
106 silly idealTree:prePrune ├── p-locate@3.0.0
106 silly idealTree:prePrune ├── p-try@2.2.0
106 silly idealTree:prePrune ├─┬ package-json@6.5.0
106 silly idealTree:prePrune │ └── semver@6.3.0
106 silly idealTree:prePrune ├── parse-json@4.0.0
106 silly idealTree:prePrune ├── parseurl@1.3.3
106 silly idealTree:prePrune ├── passport-google-oauth20@2.0.0
106 silly idealTree:prePrune ├── passport-oauth2@1.5.0
106 silly idealTree:prePrune ├── passport-strategy@1.0.0
106 silly idealTree:prePrune ├── passport@0.4.1
106 silly idealTree:prePrune ├── path-exists@3.0.0
106 silly idealTree:prePrune ├── path-parse@1.0.6
106 silly idealTree:prePrune ├── path-parser@6.1.0
106 silly idealTree:prePrune ├── path-to-regexp@0.1.7
106 silly idealTree:prePrune ├── pause@0.0.1
106 silly idealTree:prePrune ├── picomatch@2.2.2
106 silly idealTree:prePrune ├── pify@3.0.0
106 silly idealTree:prePrune ├── prepend-http@2.0.0
106 silly idealTree:prePrune ├── process-nextick-args@2.0.1
106 silly idealTree:prePrune ├── proxy-addr@2.0.6
106 silly idealTree:prePrune ├── pstree.remy@1.1.8
106 silly idealTree:prePrune ├── pump@3.0.0
106 silly idealTree:prePrune ├── pupa@2.0.1
106 silly idealTree:prePrune ├── qs@6.7.0
106 silly idealTree:prePrune ├── range-parser@1.2.1
106 silly idealTree:prePrune ├── raw-body@2.4.0
106 silly idealTree:prePrune ├── rc@1.2.8
106 silly idealTree:prePrune ├── read-pkg@4.0.1
106 silly idealTree:prePrune ├── readable-stream@2.3.7
106 silly idealTree:prePrune ├── readdirp@3.4.0
106 silly idealTree:prePrune ├── regexp-clone@1.0.0
106 silly idealTree:prePrune ├── registry-auth-token@4.1.1
106 silly idealTree:prePrune ├── registry-url@5.1.0
106 silly idealTree:prePrune ├── require_optional@1.0.1
106 silly idealTree:prePrune ├── require-directory@2.1.1
106 silly idealTree:prePrune ├── require-main-filename@2.0.0
106 silly idealTree:prePrune ├── resolve-from@2.0.0
106 silly idealTree:prePrune ├── resolve@1.17.0
106 silly idealTree:prePrune ├── responselike@1.0.2
106 silly idealTree:prePrune ├── rxjs@6.5.5
106 silly idealTree:prePrune ├── safe-buffer@5.1.2
106 silly idealTree:prePrune ├── safer-buffer@2.1.2
106 silly idealTree:prePrune ├── saslprep@1.0.3
106 silly idealTree:prePrune ├── search-params@3.0.0
106 silly idealTree:prePrune ├─┬ semver-diff@3.1.1
106 silly idealTree:prePrune │ └── semver@6.3.0
106 silly idealTree:prePrune ├── semver@5.7.1
106 silly idealTree:prePrune ├─┬ send@0.17.1
106 silly idealTree:prePrune │ └── ms@2.1.1
106 silly idealTree:prePrune ├── sendgrid-rest@2.6.1
106 silly idealTree:prePrune ├── sendgrid@5.2.3
106 silly idealTree:prePrune ├── serve-static@1.14.1
106 silly idealTree:prePrune ├── set-blocking@2.0.0
106 silly idealTree:prePrune ├── setprototypeof@1.1.1
106 silly idealTree:prePrune ├── sift@7.0.1
106 silly idealTree:prePrune ├── signal-exit@3.0.3
106 silly idealTree:prePrune ├── sliced@1.0.1
106 silly idealTree:prePrune ├── sparse-bitfield@3.0.3
106 silly idealTree:prePrune ├── spawn-command@0.0.2-1
106 silly idealTree:prePrune ├── spdx-correct@3.1.1
106 silly idealTree:prePrune ├── spdx-exceptions@2.3.0
106 silly idealTree:prePrune ├── spdx-expression-parse@3.0.1
106 silly idealTree:prePrune ├── spdx-license-ids@3.0.5
106 silly idealTree:prePrune ├── statuses@1.5.0
106 silly idealTree:prePrune ├── string_decoder@1.1.1
106 silly idealTree:prePrune ├── string-width@3.1.0
106 silly idealTree:prePrune ├── strip-ansi@5.2.0
106 silly idealTree:prePrune ├── strip-json-comments@2.0.1
106 silly idealTree:prePrune ├── stripe@8.67.0
106 silly idealTree:prePrune ├── supports-color@6.1.0
106 silly idealTree:prePrune ├── term-size@2.2.0
106 silly idealTree:prePrune ├── to-readable-stream@1.0.0
106 silly idealTree:prePrune ├── to-regex-range@5.0.1
106 silly idealTree:prePrune ├── toidentifier@1.0.0
106 silly idealTree:prePrune ├── touch@3.1.0
106 silly idealTree:prePrune ├── tree-kill@1.2.2
106 silly idealTree:prePrune ├── tslib@1.13.0
106 silly idealTree:prePrune ├── tsscmp@1.0.6
106 silly idealTree:prePrune ├── type-fest@0.8.1
106 silly idealTree:prePrune ├── type-is@1.6.18
106 silly idealTree:prePrune ├── typedarray-to-buffer@3.1.5
106 silly idealTree:prePrune ├── uid2@0.0.3
106 silly idealTree:prePrune ├── undefsafe@2.0.3
106 silly idealTree:prePrune ├── unique-string@2.0.0
106 silly idealTree:prePrune ├── unpipe@1.0.0
106 silly idealTree:prePrune ├─┬ update-notifier@4.1.0
106 silly idealTree:prePrune │ ├── ansi-styles@4.2.1
106 silly idealTree:prePrune │ ├── chalk@3.0.0
106 silly idealTree:prePrune │ ├── color-convert@2.0.1
106 silly idealTree:prePrune │ ├── color-name@1.1.4
106 silly idealTree:prePrune │ ├── has-flag@4.0.0
106 silly idealTree:prePrune │ └── supports-color@7.1.0
106 silly idealTree:prePrune ├── url-parse-lax@3.0.0
106 silly idealTree:prePrune ├── util-deprecate@1.0.2
106 silly idealTree:prePrune ├── utils-merge@1.0.1
106 silly idealTree:prePrune ├── uue@3.1.2
106 silly idealTree:prePrune ├── validate-npm-package-license@3.0.4
106 silly idealTree:prePrune ├── vary@1.1.2
106 silly idealTree:prePrune ├── which-module@2.0.0
106 silly idealTree:prePrune ├─┬ widest-line@3.1.0
106 silly idealTree:prePrune │ ├── ansi-regex@5.0.0
106 silly idealTree:prePrune │ ├── emoji-regex@8.0.0
106 silly idealTree:prePrune │ ├── is-fullwidth-code-point@3.0.0
106 silly idealTree:prePrune │ ├── string-width@4.2.0
106 silly idealTree:prePrune │ └── strip-ansi@6.0.0
106 silly idealTree:prePrune ├── wrap-ansi@5.1.0
106 silly idealTree:prePrune ├── wrappy@1.0.2
106 silly idealTree:prePrune ├── write-file-atomic@3.0.3
106 silly idealTree:prePrune ├── xdg-basedir@4.0.0
106 silly idealTree:prePrune ├── y18n@4.0.0
106 silly idealTree:prePrune ├── yargs-parser@13.1.2
106 silly idealTree:prePrune └── yargs@13.3.2
107 silly loadIdealTree Finishing
108 silly currentTree server@1.0.0
108 silly currentTree ├── @sindresorhus/is@0.14.0
108 silly currentTree ├── @szmarczak/http-timer@1.1.2
108 silly currentTree ├── @types/color-name@1.1.1
108 silly currentTree ├── @types/node@14.0.14
108 silly currentTree ├── abbrev@1.1.1
108 silly currentTree ├── accepts@1.3.7
108 silly currentTree ├── addressparser@1.0.1
108 silly currentTree ├── ansi-align@3.0.0
108 silly currentTree ├── ansi-regex@4.1.0
108 silly currentTree ├── ansi-styles@3.2.1
108 silly currentTree ├── anymatch@3.1.1
108 silly currentTree ├── array-flatten@1.1.1
108 silly currentTree ├── async.ensureasync@0.5.2
108 silly currentTree ├── async.queue@0.5.2
108 silly currentTree ├── async.util.arrayeach@0.5.2
108 silly currentTree ├── async.util.ensureasync@0.5.2
108 silly currentTree ├── async.util.isarray@0.5.2
108 silly currentTree ├── async.util.map@0.5.2
108 silly currentTree ├── async.util.noop@0.5.2
108 silly currentTree ├── async.util.onlyonce@0.5.2
108 silly currentTree ├── async.util.queue@0.5.2
108 silly currentTree ├── async.util.restparam@0.5.2
108 silly currentTree ├── async.util.setimmediate@0.5.2
108 silly currentTree ├── balanced-match@1.0.0
108 silly currentTree ├── base64url@3.0.1
108 silly currentTree ├── binary-extensions@2.1.0
108 silly currentTree ├── bl@2.2.0
108 silly currentTree ├── bluebird@3.5.1
108 silly currentTree ├── body-parser@1.19.0
108 silly currentTree ├── bottleneck@1.16.0
108 silly currentTree ├─┬ boxen@4.2.0
108 silly currentTree │ ├── ansi-regex@5.0.0
108 silly currentTree │ ├── ansi-styles@4.2.1
108 silly currentTree │ ├── chalk@3.0.0
108 silly currentTree │ ├── color-convert@2.0.1
108 silly currentTree │ ├── color-name@1.1.4
108 silly currentTree │ ├── emoji-regex@8.0.0
108 silly currentTree │ ├── has-flag@4.0.0
108 silly currentTree │ ├── is-fullwidth-code-point@3.0.0
108 silly currentTree │ ├── string-width@4.2.0
108 silly currentTree │ ├── strip-ansi@6.0.0
108 silly currentTree │ └── supports-color@7.1.0
108 silly currentTree ├── brace-expansion@1.1.11
108 silly currentTree ├── braces@3.0.2
108 silly currentTree ├── bson@1.1.4
108 silly currentTree ├── bytes@3.1.0
108 silly currentTree ├─┬ cacheable-request@6.1.0
108 silly currentTree │ ├── get-stream@5.1.0
108 silly currentTree │ └── lowercase-keys@2.0.0
108 silly currentTree ├── camelcase@5.3.1
108 silly currentTree ├─┬ chalk@2.4.2
108 silly currentTree │ └── supports-color@5.5.0
108 silly currentTree ├── chokidar@3.4.0
108 silly currentTree ├── ci-info@2.0.0
108 silly currentTree ├── cli-boxes@2.2.0
108 silly currentTree ├── cliui@5.0.0
108 silly currentTree ├── clone-response@1.0.2
108 silly currentTree ├── color-convert@1.9.3
108 silly currentTree ├── color-name@1.1.3
108 silly currentTree ├── concat-map@0.0.1
108 silly currentTree ├── concurrently@5.2.0
108 silly currentTree ├── configstore@5.0.1
108 silly currentTree ├── content-disposition@0.5.3
108 silly currentTree ├── content-type@1.0.4
108 silly currentTree ├── cookie-session@1.4.0
108 silly currentTree ├── cookie-signature@1.0.6
108 silly currentTree ├── cookie@0.4.0
108 silly currentTree ├─┬ cookies@0.8.0
108 silly currentTree │ └── depd@2.0.0
108 silly currentTree ├── core-js@3.6.5
108 silly currentTree ├── core-util-is@1.0.2
108 silly currentTree ├── crypto-random-string@2.0.0
108 silly currentTree ├── date-fns@2.14.0
108 silly currentTree ├── debug@2.6.9
108 silly currentTree ├── decamelize@1.2.0
108 silly currentTree ├── decompress-response@3.3.0
108 silly currentTree ├── deep-extend@0.6.0
108 silly currentTree ├── defer-to-connect@1.1.3
108 silly currentTree ├── denque@1.4.1
108 silly currentTree ├── depd@1.1.2
108 silly currentTree ├── destroy@1.0.4
108 silly currentTree ├── dot-prop@5.2.0
108 silly currentTree ├── dotenv@4.0.0
108 silly currentTree ├── duplexer3@0.1.4
108 silly currentTree ├── ee-first@1.1.1
108 silly currentTree ├── emoji-regex@7.0.3
108 silly currentTree ├── encodeurl@1.0.2
108 silly currentTree ├── encoding@0.1.12
108 silly currentTree ├── end-of-stream@1.4.4
108 silly currentTree ├── error-ex@1.3.2
108 silly currentTree ├── escape-goat@2.1.1
108 silly currentTree ├── escape-html@1.0.3
108 silly currentTree ├── escape-string-regexp@1.0.5
108 silly currentTree ├── etag@1.8.1
108 silly currentTree ├── express@4.17.1
108 silly currentTree ├── extend@3.0.2
108 silly currentTree ├── fill-range@7.0.1
108 silly currentTree ├── finalhandler@1.1.2
108 silly currentTree ├── find-up@3.0.0
108 silly currentTree ├── forwarded@0.1.2
108 silly currentTree ├── fresh@0.5.2
108 silly currentTree ├── get-caller-file@2.0.5
108 silly currentTree ├── get-stream@4.1.0
108 silly currentTree ├── glob-parent@5.1.1
108 silly currentTree ├── global-dirs@2.0.1
108 silly currentTree ├── got@9.6.0
108 silly currentTree ├── graceful-fs@4.2.4
108 silly currentTree ├── has-flag@3.0.0
108 silly currentTree ├── has-yarn@2.1.0
108 silly currentTree ├── hosted-git-info@2.8.8
108 silly currentTree ├── http-cache-semantics@4.1.0
108 silly currentTree ├── http-errors@1.7.2
108 silly currentTree ├── iconv-lite@0.4.24
108 silly currentTree ├── ignore-by-default@1.0.1
108 silly currentTree ├── import-lazy@2.1.0
108 silly currentTree ├── imurmurhash@0.1.4
108 silly currentTree ├── inherits@2.0.3
108 silly currentTree ├── ini@1.3.5
108 silly currentTree ├── ipaddr.js@1.9.1
108 silly currentTree ├── is-arrayish@0.2.1
108 silly currentTree ├── is-binary-path@2.1.0
108 silly currentTree ├── is-ci@2.0.0
108 silly currentTree ├── is-extglob@2.1.1
108 silly currentTree ├── is-fullwidth-code-point@2.0.0
108 silly currentTree ├── is-glob@4.0.1
108 silly currentTree ├── is-installed-globally@0.3.2
108 silly currentTree ├── is-npm@4.0.0
108 silly currentTree ├── is-number@7.0.0
108 silly currentTree ├── is-obj@2.0.0
108 silly currentTree ├── is-path-inside@3.0.2
108 silly currentTree ├── is-typedarray@1.0.0
108 silly currentTree ├── is-yarn-global@0.3.0
108 silly currentTree ├── isarray@1.0.0
108 silly currentTree ├── json-buffer@3.0.0
108 silly currentTree ├── json-parse-better-errors@1.0.2
108 silly currentTree ├── kareem@2.3.1
108 silly currentTree ├── keygrip@1.1.0
108 silly currentTree ├── keyv@3.1.0
108 silly currentTree ├── latest-version@5.1.0
108 silly currentTree ├── locate-path@3.0.0
108 silly currentTree ├── lodash.chunk@4.2.0
108 silly currentTree ├── lodash@4.17.15
108 silly currentTree ├── lowercase-keys@1.0.1
108 silly currentTree ├── mailparser@0.6.2
108 silly currentTree ├─┬ make-dir@3.1.0
108 silly currentTree │ └── semver@6.3.0
108 silly currentTree ├── media-typer@0.3.0
108 silly currentTree ├── memory-pager@1.5.0
108 silly currentTree ├── merge-descriptors@1.0.1
108 silly currentTree ├── methods@1.1.2
108 silly currentTree ├── mime-db@1.44.0
108 silly currentTree ├── mime-types@2.1.27
108 silly currentTree ├── mime@1.6.0
108 silly currentTree ├── mimelib@0.3.1
108 silly currentTree ├── mimic-response@1.0.1
108 silly currentTree ├── minimatch@3.0.4
108 silly currentTree ├── minimist@1.2.5
108 silly currentTree ├── mongodb@3.5.9
108 silly currentTree ├── mongoose-legacy-pluralize@1.0.2
108 silly currentTree ├─┬ mongoose@5.9.20
108 silly currentTree │ └── ms@2.1.2
108 silly currentTree ├── mpath@0.7.0
108 silly currentTree ├─┬ mquery@3.2.2
108 silly currentTree │ └── debug@3.1.0
108 silly currentTree ├── ms@2.0.0
108 silly currentTree ├── negotiator@0.6.2
108 silly currentTree ├─┬ nodemon@2.0.4
108 silly currentTree │ ├── debug@3.2.6
108 silly currentTree │ ├── ms@2.1.2
108 silly currentTree │ └── supports-color@5.5.0
108 silly currentTree ├── nopt@1.0.10
108 silly currentTree ├── normalize-package-data@2.5.0
108 silly currentTree ├── normalize-path@3.0.0
108 silly currentTree ├── normalize-url@4.5.0
108 silly currentTree ├── oauth@0.9.15
108 silly currentTree ├── on-finished@2.3.0
108 silly currentTree ├── on-headers@1.0.2
108 silly currentTree ├── once@1.4.0
108 silly currentTree ├── p-cancelable@1.1.0
108 silly currentTree ├── p-limit@2.3.0
108 silly currentTree ├── p-locate@3.0.0
108 silly currentTree ├── p-try@2.2.0
108 silly currentTree ├─┬ package-json@6.5.0
108 silly currentTree │ └── semver@6.3.0
108 silly currentTree ├── parse-json@4.0.0
108 silly currentTree ├── parseurl@1.3.3
108 silly currentTree ├── passport-google-oauth20@2.0.0
108 silly currentTree ├── passport-oauth2@1.5.0
108 silly currentTree ├── passport-strategy@1.0.0
108 silly currentTree ├── passport@0.4.1
108 silly currentTree ├── path-exists@3.0.0
108 silly currentTree ├── path-parse@1.0.6
108 silly currentTree ├── path-parser@6.1.0
108 silly currentTree ├── path-to-regexp@0.1.7
108 silly currentTree ├── pause@0.0.1
108 silly currentTree ├── picomatch@2.2.2
108 silly currentTree ├── pify@3.0.0
108 silly currentTree ├── prepend-http@2.0.0
108 silly currentTree ├── process-nextick-args@2.0.1
108 silly currentTree ├── proxy-addr@2.0.6
108 silly currentTree ├── pstree.remy@1.1.8
108 silly currentTree ├── pump@3.0.0
108 silly currentTree ├── pupa@2.0.1
108 silly currentTree ├── qs@6.7.0
108 silly currentTree ├── range-parser@1.2.1
108 silly currentTree ├── raw-body@2.4.0
108 silly currentTree ├── rc@1.2.8
108 silly currentTree ├── read-pkg@4.0.1
108 silly currentTree ├── readable-stream@2.3.7
108 silly currentTree ├── readdirp@3.4.0
108 silly currentTree ├── regexp-clone@1.0.0
108 silly currentTree ├── registry-auth-token@4.1.1
108 silly currentTree ├── registry-url@5.1.0
108 silly currentTree ├── require_optional@1.0.1
108 silly currentTree ├── require-directory@2.1.1
108 silly currentTree ├── require-main-filename@2.0.0
108 silly currentTree ├── resolve-from@2.0.0
108 silly currentTree ├── resolve@1.17.0
108 silly currentTree ├── responselike@1.0.2
108 silly currentTree ├── rxjs@6.5.5
108 silly currentTree ├── safe-buffer@5.1.2
108 silly currentTree ├── safer-buffer@2.1.2
108 silly currentTree ├── saslprep@1.0.3
108 silly currentTree ├── search-params@3.0.0
108 silly currentTree ├─┬ semver-diff@3.1.1
108 silly currentTree │ └── semver@6.3.0
108 silly currentTree ├── semver@5.7.1
108 silly currentTree ├─┬ send@0.17.1
108 silly currentTree │ └── ms@2.1.1
108 silly currentTree ├── sendgrid-rest@2.6.1
108 silly currentTree ├── sendgrid@5.2.3
108 silly currentTree ├── serve-static@1.14.1
108 silly currentTree ├── set-blocking@2.0.0
108 silly currentTree ├── setprototypeof@1.1.1
108 silly currentTree ├── sift@7.0.1
108 silly currentTree ├── signal-exit@3.0.3
108 silly currentTree ├── sliced@1.0.1
108 silly currentTree ├── sparse-bitfield@3.0.3
108 silly currentTree ├── spawn-command@0.0.2-1
108 silly currentTree ├── spdx-correct@3.1.1
108 silly currentTree ├── spdx-exceptions@2.3.0
108 silly currentTree ├── spdx-expression-parse@3.0.1
108 silly currentTree ├── spdx-license-ids@3.0.5
108 silly currentTree ├── statuses@1.5.0
108 silly currentTree ├── string_decoder@1.1.1
108 silly currentTree ├── string-width@3.1.0
108 silly currentTree ├── strip-ansi@5.2.0
108 silly currentTree ├── strip-json-comments@2.0.1
108 silly currentTree ├── stripe@8.67.0
108 silly currentTree ├── supports-color@6.1.0
108 silly currentTree ├── term-size@2.2.0
108 silly currentTree ├── to-readable-stream@1.0.0
108 silly currentTree ├── to-regex-range@5.0.1
108 silly currentTree ├── toidentifier@1.0.0
108 silly currentTree ├── touch@3.1.0
108 silly currentTree ├── tree-kill@1.2.2
108 silly currentTree ├── tslib@1.13.0
108 silly currentTree ├── tsscmp@1.0.6
108 silly currentTree ├── type-fest@0.8.1
108 silly currentTree ├── type-is@1.6.18
108 silly currentTree ├── typedarray-to-buffer@3.1.5
108 silly currentTree ├── uid2@0.0.3
108 silly currentTree ├── undefsafe@2.0.3
108 silly currentTree ├── unique-string@2.0.0
108 silly currentTree ├── unpipe@1.0.0
108 silly currentTree ├─┬ update-notifier@4.1.0
108 silly currentTree │ ├── ansi-styles@4.2.1
108 silly currentTree │ ├── chalk@3.0.0
108 silly currentTree │ ├── color-convert@2.0.1
108 silly currentTree │ ├── color-name@1.1.4
108 silly currentTree │ ├── has-flag@4.0.0
108 silly currentTree │ └── supports-color@7.1.0
108 silly currentTree ├── url-parse-lax@3.0.0
108 silly currentTree ├── util-deprecate@1.0.2
108 silly currentTree ├── utils-merge@1.0.1
108 silly currentTree ├── uue@3.1.2
108 silly currentTree ├── validate-npm-package-license@3.0.4
108 silly currentTree ├── vary@1.1.2
108 silly currentTree ├── which-module@2.0.0
108 silly currentTree ├─┬ widest-line@3.1.0
108 silly currentTree │ ├── ansi-regex@5.0.0
108 silly currentTree │ ├── emoji-regex@8.0.0
108 silly currentTree │ ├── is-fullwidth-code-point@3.0.0
108 silly currentTree │ ├── string-width@4.2.0
108 silly currentTree │ └── strip-ansi@6.0.0
108 silly currentTree ├── wrap-ansi@5.1.0
108 silly currentTree ├── wrappy@1.0.2
108 silly currentTree ├── write-file-atomic@3.0.3
108 silly currentTree ├── xdg-basedir@4.0.0
108 silly currentTree ├── y18n@4.0.0
108 silly currentTree ├── yargs-parser@13.1.2
108 silly currentTree └── yargs@13.3.2
109 silly idealTree server@1.0.0
109 silly idealTree ├── @sindresorhus/is@0.14.0
109 silly idealTree ├── @szmarczak/http-timer@1.1.2
109 silly idealTree ├── @types/color-name@1.1.1
109 silly idealTree ├── @types/node@14.0.14
109 silly idealTree ├── abbrev@1.1.1
109 silly idealTree ├── accepts@1.3.7
109 silly idealTree ├── addressparser@1.0.1
109 silly idealTree ├── ansi-align@3.0.0
109 silly idealTree ├── ansi-regex@4.1.0
109 silly idealTree ├── ansi-styles@3.2.1
109 silly idealTree ├── anymatch@3.1.1
109 silly idealTree ├── array-flatten@1.1.1
109 silly idealTree ├── async.ensureasync@0.5.2
109 silly idealTree ├── async.queue@0.5.2
109 silly idealTree ├── async.util.arrayeach@0.5.2
109 silly idealTree ├── async.util.ensureasync@0.5.2
109 silly idealTree ├── async.util.isarray@0.5.2
109 silly idealTree ├── async.util.map@0.5.2
109 silly idealTree ├── async.util.noop@0.5.2
109 silly idealTree ├── async.util.onlyonce@0.5.2
109 silly idealTree ├── async.util.queue@0.5.2
109 silly idealTree ├── async.util.restparam@0.5.2
109 silly idealTree ├── async.util.setimmediate@0.5.2
109 silly idealTree ├── balanced-match@1.0.0
109 silly idealTree ├── base64url@3.0.1
109 silly idealTree ├── binary-extensions@2.1.0
109 silly idealTree ├── bl@2.2.0
109 silly idealTree ├── bluebird@3.5.1
109 silly idealTree ├── body-parser@1.19.0
109 silly idealTree ├── bottleneck@1.16.0
109 silly idealTree ├─┬ boxen@4.2.0
109 silly idealTree │ ├── ansi-regex@5.0.0
109 silly idealTree │ ├── ansi-styles@4.2.1
109 silly idealTree │ ├── chalk@3.0.0
109 silly idealTree │ ├── color-convert@2.0.1
109 silly idealTree │ ├── color-name@1.1.4
109 silly idealTree │ ├── emoji-regex@8.0.0
109 silly idealTree │ ├── has-flag@4.0.0
109 silly idealTree │ ├── is-fullwidth-code-point@3.0.0
109 silly idealTree │ ├── string-width@4.2.0
109 silly idealTree │ ├── strip-ansi@6.0.0
109 silly idealTree │ └── supports-color@7.1.0
109 silly idealTree ├── brace-expansion@1.1.11
109 silly idealTree ├── braces@3.0.2
109 silly idealTree ├── bson@1.1.4
109 silly idealTree ├── bytes@3.1.0
109 silly idealTree ├─┬ cacheable-request@6.1.0
109 silly idealTree │ ├── get-stream@5.1.0
109 silly idealTree │ └── lowercase-keys@2.0.0
109 silly idealTree ├── camelcase@5.3.1
109 silly idealTree ├─┬ chalk@2.4.2
109 silly idealTree │ └── supports-color@5.5.0
109 silly idealTree ├── chokidar@3.4.0
109 silly idealTree ├── ci-info@2.0.0
109 silly idealTree ├── cli-boxes@2.2.0
109 silly idealTree ├── cliui@5.0.0
109 silly idealTree ├── clone-response@1.0.2
109 silly idealTree ├── color-convert@1.9.3
109 silly idealTree ├── color-name@1.1.3
109 silly idealTree ├── concat-map@0.0.1
109 silly idealTree ├── concurrently@5.2.0
109 silly idealTree ├── configstore@5.0.1
109 silly idealTree ├── content-disposition@0.5.3
109 silly idealTree ├── content-type@1.0.4
109 silly idealTree ├── cookie-session@1.4.0
109 silly idealTree ├── cookie-signature@1.0.6
109 silly idealTree ├── cookie@0.4.0
109 silly idealTree ├─┬ cookies@0.8.0
109 silly idealTree │ └── depd@2.0.0
109 silly idealTree ├── core-js@3.6.5
109 silly idealTree ├── core-util-is@1.0.2
109 silly idealTree ├── crypto-random-string@2.0.0
109 silly idealTree ├── date-fns@2.14.0
109 silly idealTree ├── debug@2.6.9
109 silly idealTree ├── decamelize@1.2.0
109 silly idealTree ├── decompress-response@3.3.0
109 silly idealTree ├── deep-extend@0.6.0
109 silly idealTree ├── defer-to-connect@1.1.3
109 silly idealTree ├── denque@1.4.1
109 silly idealTree ├── depd@1.1.2
109 silly idealTree ├── destroy@1.0.4
109 silly idealTree ├── dot-prop@5.2.0
109 silly idealTree ├── dotenv@4.0.0
109 silly idealTree ├── duplexer3@0.1.4
109 silly idealTree ├── ee-first@1.1.1
109 silly idealTree ├── emoji-regex@7.0.3
109 silly idealTree ├── encodeurl@1.0.2
109 silly idealTree ├── encoding@0.1.12
109 silly idealTree ├── end-of-stream@1.4.4
109 silly idealTree ├── error-ex@1.3.2
109 silly idealTree ├── escape-goat@2.1.1
109 silly idealTree ├── escape-html@1.0.3
109 silly idealTree ├── escape-string-regexp@1.0.5
109 silly idealTree ├── etag@1.8.1
109 silly idealTree ├── express@4.17.1
109 silly idealTree ├── extend@3.0.2
109 silly idealTree ├── fill-range@7.0.1
109 silly idealTree ├── finalhandler@1.1.2
109 silly idealTree ├── find-up@3.0.0
109 silly idealTree ├── forwarded@0.1.2
109 silly idealTree ├── fresh@0.5.2
109 silly idealTree ├── get-caller-file@2.0.5
109 silly idealTree ├── get-stream@4.1.0
109 silly idealTree ├── glob-parent@5.1.1
109 silly idealTree ├── global-dirs@2.0.1
109 silly idealTree ├── got@9.6.0
109 silly idealTree ├── graceful-fs@4.2.4
109 silly idealTree ├── has-flag@3.0.0
109 silly idealTree ├── has-yarn@2.1.0
109 silly idealTree ├── hosted-git-info@2.8.8
109 silly idealTree ├── http-cache-semantics@4.1.0
109 silly idealTree ├── http-errors@1.7.2
109 silly idealTree ├── iconv-lite@0.4.24
109 silly idealTree ├── ignore-by-default@1.0.1
109 silly idealTree ├── import-lazy@2.1.0
109 silly idealTree ├── imurmurhash@0.1.4
109 silly idealTree ├── inherits@2.0.3
109 silly idealTree ├── ini@1.3.5
109 silly idealTree ├── ipaddr.js@1.9.1
109 silly idealTree ├── is-arrayish@0.2.1
109 silly idealTree ├── is-binary-path@2.1.0
109 silly idealTree ├── is-ci@2.0.0
109 silly idealTree ├── is-extglob@2.1.1
109 silly idealTree ├── is-fullwidth-code-point@2.0.0
109 silly idealTree ├── is-glob@4.0.1
109 silly idealTree ├── is-installed-globally@0.3.2
109 silly idealTree ├── is-npm@4.0.0
109 silly idealTree ├── is-number@7.0.0
109 silly idealTree ├── is-obj@2.0.0
109 silly idealTree ├── is-path-inside@3.0.2
109 silly idealTree ├── is-typedarray@1.0.0
109 silly idealTree ├── is-yarn-global@0.3.0
109 silly idealTree ├── isarray@1.0.0
109 silly idealTree ├── json-buffer@3.0.0
109 silly idealTree ├── json-parse-better-errors@1.0.2
109 silly idealTree ├── kareem@2.3.1
109 silly idealTree ├── keygrip@1.1.0
109 silly idealTree ├── keyv@3.1.0
109 silly idealTree ├── latest-version@5.1.0
109 silly idealTree ├── locate-path@3.0.0
109 silly idealTree ├── lodash.chunk@4.2.0
109 silly idealTree ├── lodash@4.17.15
109 silly idealTree ├── lowercase-keys@1.0.1
109 silly idealTree ├── mailparser@0.6.2
109 silly idealTree ├─┬ make-dir@3.1.0
109 silly idealTree │ └── semver@6.3.0
109 silly idealTree ├── media-typer@0.3.0
109 silly idealTree ├── memory-pager@1.5.0
109 silly idealTree ├── merge-descriptors@1.0.1
109 silly idealTree ├── methods@1.1.2
109 silly idealTree ├── mime-db@1.44.0
109 silly idealTree ├── mime-types@2.1.27
109 silly idealTree ├── mime@1.6.0
109 silly idealTree ├── mimelib@0.3.1
109 silly idealTree ├── mimic-response@1.0.1
109 silly idealTree ├── minimatch@3.0.4
109 silly idealTree ├── minimist@1.2.5
109 silly idealTree ├── mongodb@3.5.9
109 silly idealTree ├── mongoose-legacy-pluralize@1.0.2
109 silly idealTree ├─┬ mongoose@5.9.20
109 silly idealTree │ └── ms@2.1.2
109 silly idealTree ├── mpath@0.7.0
109 silly idealTree ├─┬ mquery@3.2.2
109 silly idealTree │ └── debug@3.1.0
109 silly idealTree ├── ms@2.0.0
109 silly idealTree ├── negotiator@0.6.2
109 silly idealTree ├── node-bin-setup@1.0.6
109 silly idealTree ├── node@12.4.0
109 silly idealTree ├─┬ nodemon@2.0.4
109 silly idealTree │ ├── debug@3.2.6
109 silly idealTree │ ├── ms@2.1.2
109 silly idealTree │ └── supports-color@5.5.0
109 silly idealTree ├── nopt@1.0.10
109 silly idealTree ├── normalize-package-data@2.5.0
109 silly idealTree ├── normalize-path@3.0.0
109 silly idealTree ├── normalize-url@4.5.0
109 silly idealTree ├── oauth@0.9.15
109 silly idealTree ├── on-finished@2.3.0
109 silly idealTree ├── on-headers@1.0.2
109 silly idealTree ├── once@1.4.0
109 silly idealTree ├── p-cancelable@1.1.0
109 silly idealTree ├── p-limit@2.3.0
109 silly idealTree ├── p-locate@3.0.0
109 silly idealTree ├── p-try@2.2.0
109 silly idealTree ├─┬ package-json@6.5.0
109 silly idealTree │ └── semver@6.3.0
109 silly idealTree ├── parse-json@4.0.0
109 silly idealTree ├── parseurl@1.3.3
109 silly idealTree ├── passport-google-oauth20@2.0.0
109 silly idealTree ├── passport-oauth2@1.5.0
109 silly idealTree ├── passport-strategy@1.0.0
109 silly idealTree ├── passport@0.4.1
109 silly idealTree ├── path-exists@3.0.0
109 silly idealTree ├── path-parse@1.0.6
109 silly idealTree ├── path-parser@6.1.0
109 silly idealTree ├── path-to-regexp@0.1.7
109 silly idealTree ├── pause@0.0.1
109 silly idealTree ├── picomatch@2.2.2
109 silly idealTree ├── pify@3.0.0
109 silly idealTree ├── prepend-http@2.0.0
109 silly idealTree ├── process-nextick-args@2.0.1
109 silly idealTree ├── proxy-addr@2.0.6
109 silly idealTree ├── pstree.remy@1.1.8
109 silly idealTree ├── pump@3.0.0
109 silly idealTree ├── pupa@2.0.1
109 silly idealTree ├── qs@6.7.0
109 silly idealTree ├── range-parser@1.2.1
109 silly idealTree ├── raw-body@2.4.0
109 silly idealTree ├── rc@1.2.8
109 silly idealTree ├── read-pkg@4.0.1
109 silly idealTree ├── readable-stream@2.3.7
109 silly idealTree ├── readdirp@3.4.0
109 silly idealTree ├── regexp-clone@1.0.0
109 silly idealTree ├── registry-auth-token@4.1.1
109 silly idealTree ├── registry-url@5.1.0
109 silly idealTree ├── require_optional@1.0.1
109 silly idealTree ├── require-directory@2.1.1
109 silly idealTree ├── require-main-filename@2.0.0
109 silly idealTree ├── resolve-from@2.0.0
109 silly idealTree ├── resolve@1.17.0
109 silly idealTree ├── responselike@1.0.2
109 silly idealTree ├── rxjs@6.5.5
109 silly idealTree ├── safe-buffer@5.1.2
109 silly idealTree ├── safer-buffer@2.1.2
109 silly idealTree ├── saslprep@1.0.3
109 silly idealTree ├── search-params@3.0.0
109 silly idealTree ├─┬ semver-diff@3.1.1
109 silly idealTree │ └── semver@6.3.0
109 silly idealTree ├── semver@5.7.1
109 silly idealTree ├─┬ send@0.17.1
109 silly idealTree │ └── ms@2.1.1
109 silly idealTree ├── sendgrid-rest@2.6.1
109 silly idealTree ├── sendgrid@5.2.3
109 silly idealTree ├── serve-static@1.14.1
109 silly idealTree ├── set-blocking@2.0.0
109 silly idealTree ├── setprototypeof@1.1.1
109 silly idealTree ├── sift@7.0.1
109 silly idealTree ├── signal-exit@3.0.3
109 silly idealTree ├── sliced@1.0.1
109 silly idealTree ├── sparse-bitfield@3.0.3
109 silly idealTree ├── spawn-command@0.0.2-1
109 silly idealTree ├── spdx-correct@3.1.1
109 silly idealTree ├── spdx-exceptions@2.3.0
109 silly idealTree ├── spdx-expression-parse@3.0.1
109 silly idealTree ├── spdx-license-ids@3.0.5
109 silly idealTree ├── statuses@1.5.0
109 silly idealTree ├── string_decoder@1.1.1
109 silly idealTree ├── string-width@3.1.0
109 silly idealTree ├── strip-ansi@5.2.0
109 silly idealTree ├── strip-json-comments@2.0.1
109 silly idealTree ├── stripe@8.67.0
109 silly idealTree ├── supports-color@6.1.0
109 silly idealTree ├── term-size@2.2.0
109 silly idealTree ├── to-readable-stream@1.0.0
109 silly idealTree ├── to-regex-range@5.0.1
109 silly idealTree ├── toidentifier@1.0.0
109 silly idealTree ├── touch@3.1.0
109 silly idealTree ├── tree-kill@1.2.2
109 silly idealTree ├── tslib@1.13.0
109 silly idealTree ├── tsscmp@1.0.6
109 silly idealTree ├── type-fest@0.8.1
109 silly idealTree ├── type-is@1.6.18
109 silly idealTree ├── typedarray-to-buffer@3.1.5
109 silly idealTree ├── uid2@0.0.3
109 silly idealTree ├── undefsafe@2.0.3
109 silly idealTree ├── unique-string@2.0.0
109 silly idealTree ├── unpipe@1.0.0
109 silly idealTree ├─┬ update-notifier@4.1.0
109 silly idealTree │ ├── ansi-styles@4.2.1
109 silly idealTree │ ├── chalk@3.0.0
109 silly idealTree │ ├── color-convert@2.0.1
109 silly idealTree │ ├── color-name@1.1.4
109 silly idealTree │ ├── has-flag@4.0.0
109 silly idealTree │ └── supports-color@7.1.0
109 silly idealTree ├── url-parse-lax@3.0.0
109 silly idealTree ├── util-deprecate@1.0.2
109 silly idealTree ├── utils-merge@1.0.1
109 silly idealTree ├── uue@3.1.2
109 silly idealTree ├── validate-npm-package-license@3.0.4
109 silly idealTree ├── vary@1.1.2
109 silly idealTree ├── which-module@2.0.0
109 silly idealTree ├─┬ widest-line@3.1.0
109 silly idealTree │ ├── ansi-regex@5.0.0
109 silly idealTree │ ├── emoji-regex@8.0.0
109 silly idealTree │ ├── is-fullwidth-code-point@3.0.0
109 silly idealTree │ ├── string-width@4.2.0
109 silly idealTree │ └── strip-ansi@6.0.0
109 silly idealTree ├── wrap-ansi@5.1.0
109 silly idealTree ├── wrappy@1.0.2
109 silly idealTree ├── write-file-atomic@3.0.3
109 silly idealTree ├── xdg-basedir@4.0.0
109 silly idealTree ├── y18n@4.0.0
109 silly idealTree ├── yargs-parser@13.1.2
109 silly idealTree └── yargs@13.3.2
110 silly generateActionsToTake Starting
111 silly install generateActionsToTake
112 silly generateActionsToTake Finishing
113 silly diffTrees action count 2
114 silly diffTrees add node-bin-setup@1.0.6
115 silly diffTrees add node@12.4.0
116 silly decomposeActions action count 16
117 silly decomposeActions fetch node-bin-setup@1.0.6
118 silly decomposeActions extract node-bin-setup@1.0.6
119 silly decomposeActions test node-bin-setup@1.0.6
120 silly decomposeActions preinstall node-bin-setup@1.0.6
121 silly decomposeActions build node-bin-setup@1.0.6
122 silly decomposeActions install node-bin-setup@1.0.6
123 silly decomposeActions postinstall node-bin-setup@1.0.6
124 silly decomposeActions finalize node-bin-setup@1.0.6
125 silly decomposeActions fetch node@12.4.0
126 silly decomposeActions extract node@12.4.0
127 silly decomposeActions test node@12.4.0
128 silly decomposeActions preinstall node@12.4.0
129 silly decomposeActions build node@12.4.0
130 silly decomposeActions install node@12.4.0
131 silly decomposeActions postinstall node@12.4.0
132 silly decomposeActions finalize node@12.4.0
133 silly executeActions Starting
134 silly install executeActions
135 silly doSerial global-install 0
136 silly doParallel fetch 2
137 verbose lock using /home/yair/.npm/_locks/staging-7d5becbf4e6e2fee.lock for /home/yair/Workspace/Fullstack/NodeJS React Course/Feedback app/server/node_modules/.staging
138 silly doParallel extract 2
139 silly extract node-bin-setup@1.0.6
140 silly extract node@12.4.0
141 verbose unbuild node_modules/.staging/node-bin-setup-c3c21407
142 verbose unbuild node_modules/.staging/node-b8d27ee4
143 silly gentlyRm /home/yair/Workspace/Fullstack/NodeJS React Course/Feedback app/server/node_modules/.staging/node-bin-setup-c3c21407 is being purged from base /home/yair/Workspace/Fullstack/NodeJS React Course/Feedback app/server
144 verbose gentlyRm don't care about contents; nuking /home/yair/Workspace/Fullstack/NodeJS React Course/Feedback app/server/node_modules/.staging/node-bin-setup-c3c21407
145 verbose tar unpack /home/yair/.npm/node-bin-setup/1.0.6/package.tgz
146 verbose tar unpacking to /home/yair/Workspace/Fullstack/NodeJS React Course/Feedback app/server/node_modules/.staging/node-bin-setup-c3c21407
147 silly gentlyRm /home/yair/Workspace/Fullstack/NodeJS React Course/Feedback app/server/node_modules/.staging/node-bin-setup-c3c21407 is being purged
148 verbose gentlyRm don't care about contents; nuking /home/yair/Workspace/Fullstack/NodeJS React Course/Feedback app/server/node_modules/.staging/node-bin-setup-c3c21407
149 silly gentlyRm /home/yair/Workspace/Fullstack/NodeJS React Course/Feedback app/server/node_modules/.staging/node-b8d27ee4 is being purged from base /home/yair/Workspace/Fullstack/NodeJS React Course/Feedback app/server
150 verbose gentlyRm don't care about contents; nuking /home/yair/Workspace/Fullstack/NodeJS React Course/Feedback app/server/node_modules/.staging/node-b8d27ee4
151 silly gunzTarPerm modes [ '775', '664' ]
152 verbose tar unpack /home/yair/.npm/node/12.4.0/package.tgz
153 verbose tar unpacking to /home/yair/Workspace/Fullstack/NodeJS React Course/Feedback app/server/node_modules/.staging/node-b8d27ee4
154 silly gentlyRm /home/yair/Workspace/Fullstack/NodeJS React Course/Feedback app/server/node_modules/.staging/node-b8d27ee4 is being purged
155 verbose gentlyRm don't care about contents; nuking /home/yair/Workspace/Fullstack/NodeJS React Course/Feedback app/server/node_modules/.staging/node-b8d27ee4
156 silly gunzTarPerm modes [ '775', '664' ]
157 silly gunzTarPerm extractEntry package.json
158 silly gunzTarPerm modified mode [ 'package.json', 420, 436 ]
159 silly gunzTarPerm extractEntry package.json
160 silly gunzTarPerm modified mode [ 'package.json', 420, 436 ]
161 silly gunzTarPerm extractEntry index.js
162 silly gunzTarPerm modified mode [ 'index.js', 420, 436 ]
163 silly gunzTarPerm extractEntry installArchSpecificPackage.js
164 silly gunzTarPerm modified mode [ 'installArchSpecificPackage.js', 420, 436 ]
165 silly gunzTarPerm extractEntry README.md
166 silly gunzTarPerm modified mode [ 'README.md', 420, 436 ]
167 silly gentlyRm /home/yair/Workspace/Fullstack/NodeJS React Course/Feedback app/server/node_modules/.staging/node-bin-setup-c3c21407/node_modules is being purged
168 verbose gentlyRm don't care about contents; nuking /home/yair/Workspace/Fullstack/NodeJS React Course/Feedback app/server/node_modules/.staging/node-bin-setup-c3c21407/node_modules
169 silly gentlyRm /home/yair/Workspace/Fullstack/NodeJS React Course/Feedback app/server/node_modules/.staging/node-b8d27ee4/node_modules is being purged
170 verbose gentlyRm don't care about contents; nuking /home/yair/Workspace/Fullstack/NodeJS React Course/Feedback app/server/node_modules/.staging/node-b8d27ee4/node_modules
171 silly doParallel preinstall 2
172 silly preinstall node-bin-setup@1.0.6 /home/yair/Workspace/Fullstack/NodeJS React Course/Feedback app/server/node_modules/.staging/node-bin-setup-c3c21407
173 info lifecycle node-bin-setup@1.0.6~preinstall: node-bin-setup@1.0.6
174 silly preinstall node@12.4.0 /home/yair/Workspace/Fullstack/NodeJS React Course/Feedback app/server/node_modules/.staging/node-b8d27ee4
175 info lifecycle node@12.4.0~preinstall: node@12.4.0
176 silly lifecycle node-bin-setup@1.0.6~preinstall: no script for preinstall, continuing
177 verbose lifecycle node@12.4.0~preinstall: unsafe-perm in lifecycle true
178 verbose lifecycle node@12.4.0~preinstall: PATH: /usr/share/npm/bin/node-gyp-bin:/home/yair/Workspace/Fullstack/NodeJS React Course/Feedback app/server/node_modules/.staging/node-b8d27ee4/node_modules/.bin:/home/yair/Workspace/Fullstack/NodeJS React Course/Feedback app/server/node_modules/.bin:/usr/local/sbin:/usr/local/bin:/usr/sbin:/usr/bin:/sbin:/bin:/usr/games:/usr/local/games:/home/yair/.local/bin:/snap/bin
179 verbose lifecycle node@12.4.0~preinstall: CWD: /home/yair/Workspace/Fullstack/NodeJS React Course/Feedback app/server/node_modules/.staging/node-b8d27ee4
180 silly lifecycle node@12.4.0~preinstall: Args: [ '-c', 'node installArchSpecificPackage' ]
181 silly lifecycle node@12.4.0~preinstall: Returned: code: 1  signal: null
182 info lifecycle node@12.4.0~preinstall: Failed to exec preinstall script
183 verbose unlock done using /home/yair/.npm/_locks/staging-7d5becbf4e6e2fee.lock for /home/yair/Workspace/Fullstack/NodeJS React Course/Feedback app/server/node_modules/.staging
184 silly rollbackFailedOptional Starting
185 silly rollbackFailedOptional Finishing
186 silly runTopLevelLifecycles Starting
187 silly runTopLevelLifecycles Finishing
188 silly install printInstalled
189 warn optional Skipping failed optional dependency /chokidar/fsevents:
190 warn notsup Not compatible with your operating system or architecture: fsevents@2.1.3
191 warn server@1.0.0 No description
192 warn server@1.0.0 No repository field.
193 verbose stack Error: node@12.4.0 preinstall: `node installArchSpecificPackage`
193 verbose stack Exit status 1
193 verbose stack     at EventEmitter.<anonymous> (/usr/share/npm/lib/utils/lifecycle.js:232:16)
193 verbose stack     at emitTwo (events.js:87:13)
193 verbose stack     at EventEmitter.emit (events.js:172:7)
193 verbose stack     at ChildProcess.<anonymous> (/usr/share/npm/lib/utils/spawn.js:24:14)
193 verbose stack     at emitTwo (events.js:87:13)
193 verbose stack     at ChildProcess.emit (events.js:172:7)
193 verbose stack     at maybeClose (internal/child_process.js:821:16)
193 verbose stack     at Process.ChildProcess._handle.onexit (internal/child_process.js:211:5)
194 verbose pkgid node@12.4.0
195 verbose cwd /home/yair/Workspace/Fullstack/NodeJS React Course/Feedback app/server
196 error Linux 4.15.0-106-generic
197 error argv "/usr/bin/nodejs" "/usr/bin/npm" "install" "node@12.4.0" "--save-exact"
198 error node v4.2.6
199 error npm  v3.5.2
200 error code ELIFECYCLE
201 error node@12.4.0 preinstall: `node installArchSpecificPackage`
201 error Exit status 1
202 error Failed at the node@12.4.0 preinstall script 'node installArchSpecificPackage'.
202 error Make sure you have the latest version of node.js and npm installed.
202 error If you do, this is most likely a problem with the node package,
202 error not with npm itself.
202 error Tell the author that this fails on your system:
202 error     node installArchSpecificPackage
202 error You can get information on how to open an issue for this project with:
202 error     npm bugs node
202 error Or if that isn't available, you can get their info via:
202 error     npm owner ls node
202 error There is likely additional logging output above.
203 verbose exit [ 1, true ]
